<?xml version="1.0" encoding="UTF-8"?>
<!-- Generated by org.testng.reporters.JUnitXMLReporter -->
<testsuite ignored="2" hostname="LAPTOP-PLKMANMO" failures="2" tests="4" name="Test" time="14.082" errors="0" timestamp="2022-08-05T11:55:09 IST">
  <testcase classname="tests.LoginTest" name="verifybuttontext" time="0.246">
    <failure type="java.lang.AssertionError" message="The following asserts failed:
	expected [LOGINNNN] but found []">
      <![CDATA[java.lang.AssertionError: The following asserts failed:
expected [LOGINNNN] but found []
at tests.LoginTest.verifybuttontext(LoginTest.java:35)
at java.base/java.util.ArrayList.forEach(ArrayList.java:1511)
... Removed 29 stack frames]]>
    </failure>
  </testcase> <!-- verifybuttontext -->
  <testcase classname="tests.LoginTest" name="login" time="7.248"/>
  <testcase classname="tests.HomePageTest" name="GoTotab" time="2.37">
    <failure type="java.lang.AssertionError" message="The following asserts failed:
	expected [false] but found [true]">
      <![CDATA[java.lang.AssertionError: The following asserts failed:
expected [false] but found [true]
at tests.HomePageTest.GoTotab(HomePageTest.java:27)
at java.base/java.util.ArrayList.forEach(ArrayList.java:1511)
... Removed 29 stack frames]]>
    </failure>
  </testcase> <!-- GoTotab -->
  <testcase classname="tests.HomePageTest" name="Logout" time="1.781"/>
  <testcase classname="tests.BaseTest" name="@BeforeSuite init" time="0.0">
    <ignored/>
  </testcase> <!-- @BeforeSuite init -->
  <testcase classname="tests.BaseTest" name="@AfterSuite tearDown" time="0.0">
    <ignored/>
  </testcase> <!-- @AfterSuite tearDown -->
</testsuite> <!-- Test -->
